[2025-09-05T22:00:00Z] runner tick
Discovering latest GFS-Wave run (lookback=72h)…
probe 2025-09-05 18Z → https://nomads.ncep.noaa.gov/pub/data/nccf/com/gfs/prod/gfs.20250905/18/wave/gridded/gfswave.t18z.global.0p25.f000.grib2.idx
Found run 2025-09-05 18Z @ https://nomads.ncep.noaa.gov/pub/data/nccf/com/gfs/prod/gfs.20250905/18/wave/gridded
Resolved run 2025-09-05 18Z @ https://nomads.ncep.noaa.gov/pub/data/nccf/com/gfs/prod/gfs.20250905/18/wave/gridded
[2025-09-05T22:00:03Z] runner tick
Downloaded 25/25 GRIB files → data/grib/gfswave/20250905/18
Processing station 41112 at lat=30.709, lon=-81.292…
/Applications/MAMP/htdocs/normal-surf/.venv/lib/python3.13/site-packages/cfgrib/xarray_plugin.py:131: FutureWarning: In a future version, xarray will not decode the variable 'step' into a timedelta64 dtype based on the presence of a timedelta-like 'units' attribute by default. Instead it will rely on the presence of a timedelta64 'dtype' attribute, which is now xarray's default way of encoding timedelta64 values.
To continue decoding into a timedelta64 dtype, either set `decode_timedelta=True` when opening this dataset, or add the attribute `dtype='timedelta64[ns]'` to this variable on disk.
To opt-in to future behavior, set `decode_timedelta=False`.
  vars, attrs, coord_names = xr.conventions.decode_cf_variables(
/Applications/MAMP/htdocs/normal-surf/.venv/lib/python3.13/site-packages/cfgrib/xarray_plugin.py:131: FutureWarning: In a future version, xarray will not decode the variable 'step' into a timedelta64 dtype based on the presence of a timedelta-like 'units' attribute by default. Instead it will rely on the presence of a timedelta64 'dtype' attribute, which is now xarray's default way of encoding timedelta64 values.
To continue decoding into a timedelta64 dtype, either set `decode_timedelta=True` when opening this dataset, or add the attribute `dtype='timedelta64[ns]'` to this variable on disk.
To opt-in to future behavior, set `decode_timedelta=False`.
  vars, attrs, coord_names = xr.conventions.decode_cf_variables(
/Applications/MAMP/htdocs/normal-surf/.venv/lib/python3.13/site-packages/cfgrib/xarray_plugin.py:131: FutureWarning: In a future version, xarray will not decode the variable 'step' into a timedelta64 dtype based on the presence of a timedelta-like 'units' attribute by default. Instead it will rely on the presence of a timedelta64 'dtype' attribute, which is now xarray's default way of encoding timedelta64 values.
To continue decoding into a timedelta64 dtype, either set `decode_timedelta=True` when opening this dataset, or add the attribute `dtype='timedelta64[ns]'` to this variable on disk.
To opt-in to future behavior, set `decode_timedelta=False`.
  vars, attrs, coord_names = xr.conventions.decode_cf_variables(
/Applications/MAMP/htdocs/normal-surf/.venv/lib/python3.13/site-packages/cfgrib/xarray_plugin.py:131: FutureWarning: In a future version, xarray will not decode the variable 'step' into a timedelta64 dtype based on the presence of a timedelta-like 'units' attribute by default. Instead it will rely on the presence of a timedelta64 'dtype' attribute, which is now xarray's default way of encoding timedelta64 values.
To continue decoding into a timedelta64 dtype, either set `decode_timedelta=True` when opening this dataset, or add the attribute `dtype='timedelta64[ns]'` to this variable on disk.
To opt-in to future behavior, set `decode_timedelta=False`.
  vars, attrs, coord_names = xr.conventions.decode_cf_variables(
/Applications/MAMP/htdocs/normal-surf/.venv/lib/python3.13/site-packages/cfgrib/xarray_plugin.py:131: FutureWarning: In a future version, xarray will not decode the variable 'step' into a timedelta64 dtype based on the presence of a timedelta-like 'units' attribute by default. Instead it will rely on the presence of a timedelta64 'dtype' attribute, which is now xarray's default way of encoding timedelta64 values.
To continue decoding into a timedelta64 dtype, either set `decode_timedelta=True` when opening this dataset, or add the attribute `dtype='timedelta64[ns]'` to this variable on disk.
To opt-in to future behavior, set `decode_timedelta=False`.
  vars, attrs, coord_names = xr.conventions.decode_cf_variables(
/Applications/MAMP/htdocs/normal-surf/.venv/lib/python3.13/site-packages/cfgrib/xarray_plugin.py:131: FutureWarning: In a future version, xarray will not decode the variable 'step' into a timedelta64 dtype based on the presence of a timedelta-like 'units' attribute by default. Instead it will rely on the presence of a timedelta64 'dtype' attribute, which is now xarray's default way of encoding timedelta64 values.
To continue decoding into a timedelta64 dtype, either set `decode_timedelta=True` when opening this dataset, or add the attribute `dtype='timedelta64[ns]'` to this variable on disk.
To opt-in to future behavior, set `decode_timedelta=False`.
  vars, attrs, coord_names = xr.conventions.decode_cf_variables(
/Applications/MAMP/htdocs/normal-surf/.venv/lib/python3.13/site-packages/cfgrib/xarray_plugin.py:131: FutureWarning: In a future version, xarray will not decode the variable 'step' into a timedelta64 dtype based on the presence of a timedelta-like 'units' attribute by default. Instead it will rely on the presence of a timedelta64 'dtype' attribute, which is now xarray's default way of encoding timedelta64 values.
To continue decoding into a timedelta64 dtype, either set `decode_timedelta=True` when opening this dataset, or add the attribute `dtype='timedelta64[ns]'` to this variable on disk.
To opt-in to future behavior, set `decode_timedelta=False`.
  vars, attrs, coord_names = xr.conventions.decode_cf_variables(
/Applications/MAMP/htdocs/normal-surf/.venv/lib/python3.13/site-packages/cfgrib/xarray_plugin.py:131: FutureWarning: In a future version, xarray will not decode the variable 'step' into a timedelta64 dtype based on the presence of a timedelta-like 'units' attribute by default. Instead it will rely on the presence of a timedelta64 'dtype' attribute, which is now xarray's default way of encoding timedelta64 values.
To continue decoding into a timedelta64 dtype, either set `decode_timedelta=True` when opening this dataset, or add the attribute `dtype='timedelta64[ns]'` to this variable on disk.
To opt-in to future behavior, set `decode_timedelta=False`.
  vars, attrs, coord_names = xr.conventions.decode_cf_variables(
/Applications/MAMP/htdocs/normal-surf/.venv/lib/python3.13/site-packages/cfgrib/xarray_plugin.py:131: FutureWarning: In a future version, xarray will not decode the variable 'step' into a timedelta64 dtype based on the presence of a timedelta-like 'units' attribute by default. Instead it will rely on the presence of a timedelta64 'dtype' attribute, which is now xarray's default way of encoding timedelta64 values.
To continue decoding into a timedelta64 dtype, either set `decode_timedelta=True` when opening this dataset, or add the attribute `dtype='timedelta64[ns]'` to this variable on disk.
To opt-in to future behavior, set `decode_timedelta=False`.
  vars, attrs, coord_names = xr.conventions.decode_cf_variables(
/Applications/MAMP/htdocs/normal-surf/.venv/lib/python3.13/site-packages/cfgrib/xarray_plugin.py:131: FutureWarning: In a future version, xarray will not decode the variable 'step' into a timedelta64 dtype based on the presence of a timedelta-like 'units' attribute by default. Instead it will rely on the presence of a timedelta64 'dtype' attribute, which is now xarray's default way of encoding timedelta64 values.
To continue decoding into a timedelta64 dtype, either set `decode_timedelta=True` when opening this dataset, or add the attribute `dtype='timedelta64[ns]'` to this variable on disk.
To opt-in to future behavior, set `decode_timedelta=False`.
  vars, attrs, coord_names = xr.conventions.decode_cf_variables(
/Applications/MAMP/htdocs/normal-surf/.venv/lib/python3.13/site-packages/cfgrib/xarray_plugin.py:131: FutureWarning: In a future version, xarray will not decode the variable 'step' into a timedelta64 dtype based on the presence of a timedelta-like 'units' attribute by default. Instead it will rely on the presence of a timedelta64 'dtype' attribute, which is now xarray's default way of encoding timedelta64 values.
To continue decoding into a timedelta64 dtype, either set `decode_timedelta=True` when opening this dataset, or add the attribute `dtype='timedelta64[ns]'` to this variable on disk.
To opt-in to future behavior, set `decode_timedelta=False`.
  vars, attrs, coord_names = xr.conventions.decode_cf_variables(
/Applications/MAMP/htdocs/normal-surf/.venv/lib/python3.13/site-packages/cfgrib/xarray_plugin.py:131: FutureWarning: In a future version, xarray will not decode the variable 'step' into a timedelta64 dtype based on the presence of a timedelta-like 'units' attribute by default. Instead it will rely on the presence of a timedelta64 'dtype' attribute, which is now xarray's default way of encoding timedelta64 values.
To continue decoding into a timedelta64 dtype, either set `decode_timedelta=True` when opening this dataset, or add the attribute `dtype='timedelta64[ns]'` to this variable on disk.
To opt-in to future behavior, set `decode_timedelta=False`.
  vars, attrs, coord_names = xr.conventions.decode_cf_variables(
/Applications/MAMP/htdocs/normal-surf/.venv/lib/python3.13/site-packages/cfgrib/xarray_plugin.py:131: FutureWarning: In a future version, xarray will not decode the variable 'step' into a timedelta64 dtype based on the presence of a timedelta-like 'units' attribute by default. Instead it will rely on the presence of a timedelta64 'dtype' attribute, which is now xarray's default way of encoding timedelta64 values.
To continue decoding into a timedelta64 dtype, either set `decode_timedelta=True` when opening this dataset, or add the attribute `dtype='timedelta64[ns]'` to this variable on disk.
To opt-in to future behavior, set `decode_timedelta=False`.
  vars, attrs, coord_names = xr.conventions.decode_cf_variables(
/Applications/MAMP/htdocs/normal-surf/.venv/lib/python3.13/site-packages/cfgrib/xarray_plugin.py:131: FutureWarning: In a future version, xarray will not decode the variable 'step' into a timedelta64 dtype based on the presence of a timedelta-like 'units' attribute by default. Instead it will rely on the presence of a timedelta64 'dtype' attribute, which is now xarray's default way of encoding timedelta64 values.
To continue decoding into a timedelta64 dtype, either set `decode_timedelta=True` when opening this dataset, or add the attribute `dtype='timedelta64[ns]'` to this variable on disk.
To opt-in to future behavior, set `decode_timedelta=False`.
  vars, attrs, coord_names = xr.conventions.decode_cf_variables(
/Applications/MAMP/htdocs/normal-surf/.venv/lib/python3.13/site-packages/cfgrib/xarray_plugin.py:131: FutureWarning: In a future version, xarray will not decode the variable 'step' into a timedelta64 dtype based on the presence of a timedelta-like 'units' attribute by default. Instead it will rely on the presence of a timedelta64 'dtype' attribute, which is now xarray's default way of encoding timedelta64 values.
To continue decoding into a timedelta64 dtype, either set `decode_timedelta=True` when opening this dataset, or add the attribute `dtype='timedelta64[ns]'` to this variable on disk.
To opt-in to future behavior, set `decode_timedelta=False`.
  vars, attrs, coord_names = xr.conventions.decode_cf_variables(
/Applications/MAMP/htdocs/normal-surf/.venv/lib/python3.13/site-packages/cfgrib/xarray_plugin.py:131: FutureWarning: In a future version, xarray will not decode the variable 'step' into a timedelta64 dtype based on the presence of a timedelta-like 'units' attribute by default. Instead it will rely on the presence of a timedelta64 'dtype' attribute, which is now xarray's default way of encoding timedelta64 values.
To continue decoding into a timedelta64 dtype, either set `decode_timedelta=True` when opening this dataset, or add the attribute `dtype='timedelta64[ns]'` to this variable on disk.
To opt-in to future behavior, set `decode_timedelta=False`.
  vars, attrs, coord_names = xr.conventions.decode_cf_variables(
/Applications/MAMP/htdocs/normal-surf/.venv/lib/python3.13/site-packages/cfgrib/xarray_plugin.py:131: FutureWarning: In a future version, xarray will not decode the variable 'step' into a timedelta64 dtype based on the presence of a timedelta-like 'units' attribute by default. Instead it will rely on the presence of a timedelta64 'dtype' attribute, which is now xarray's default way of encoding timedelta64 values.
To continue decoding into a timedelta64 dtype, either set `decode_timedelta=True` when opening this dataset, or add the attribute `dtype='timedelta64[ns]'` to this variable on disk.
To opt-in to future behavior, set `decode_timedelta=False`.
  vars, attrs, coord_names = xr.conventions.decode_cf_variables(
/Applications/MAMP/htdocs/normal-surf/.venv/lib/python3.13/site-packages/cfgrib/xarray_plugin.py:131: FutureWarning: In a future version, xarray will not decode the variable 'step' into a timedelta64 dtype based on the presence of a timedelta-like 'units' attribute by default. Instead it will rely on the presence of a timedelta64 'dtype' attribute, which is now xarray's default way of encoding timedelta64 values.
To continue decoding into a timedelta64 dtype, either set `decode_timedelta=True` when opening this dataset, or add the attribute `dtype='timedelta64[ns]'` to this variable on disk.
To opt-in to future behavior, set `decode_timedelta=False`.
  vars, attrs, coord_names = xr.conventions.decode_cf_variables(
/Applications/MAMP/htdocs/normal-surf/.venv/lib/python3.13/site-packages/cfgrib/xarray_plugin.py:131: FutureWarning: In a future version, xarray will not decode the variable 'step' into a timedelta64 dtype based on the presence of a timedelta-like 'units' attribute by default. Instead it will rely on the presence of a timedelta64 'dtype' attribute, which is now xarray's default way of encoding timedelta64 values.
To continue decoding into a timedelta64 dtype, either set `decode_timedelta=True` when opening this dataset, or add the attribute `dtype='timedelta64[ns]'` to this variable on disk.
To opt-in to future behavior, set `decode_timedelta=False`.
  vars, attrs, coord_names = xr.conventions.decode_cf_variables(
/Applications/MAMP/htdocs/normal-surf/.venv/lib/python3.13/site-packages/cfgrib/xarray_plugin.py:131: FutureWarning: In a future version, xarray will not decode the variable 'step' into a timedelta64 dtype based on the presence of a timedelta-like 'units' attribute by default. Instead it will rely on the presence of a timedelta64 'dtype' attribute, which is now xarray's default way of encoding timedelta64 values.
To continue decoding into a timedelta64 dtype, either set `decode_timedelta=True` when opening this dataset, or add the attribute `dtype='timedelta64[ns]'` to this variable on disk.
To opt-in to future behavior, set `decode_timedelta=False`.
  vars, attrs, coord_names = xr.conventions.decode_cf_variables(
/Applications/MAMP/htdocs/normal-surf/.venv/lib/python3.13/site-packages/cfgrib/xarray_plugin.py:131: FutureWarning: In a future version, xarray will not decode the variable 'step' into a timedelta64 dtype based on the presence of a timedelta-like 'units' attribute by default. Instead it will rely on the presence of a timedelta64 'dtype' attribute, which is now xarray's default way of encoding timedelta64 values.
To continue decoding into a timedelta64 dtype, either set `decode_timedelta=True` when opening this dataset, or add the attribute `dtype='timedelta64[ns]'` to this variable on disk.
To opt-in to future behavior, set `decode_timedelta=False`.
  vars, attrs, coord_names = xr.conventions.decode_cf_variables(
/Applications/MAMP/htdocs/normal-surf/.venv/lib/python3.13/site-packages/cfgrib/xarray_plugin.py:131: FutureWarning: In a future version, xarray will not decode the variable 'step' into a timedelta64 dtype based on the presence of a timedelta-like 'units' attribute by default. Instead it will rely on the presence of a timedelta64 'dtype' attribute, which is now xarray's default way of encoding timedelta64 values.
To continue decoding into a timedelta64 dtype, either set `decode_timedelta=True` when opening this dataset, or add the attribute `dtype='timedelta64[ns]'` to this variable on disk.
To opt-in to future behavior, set `decode_timedelta=False`.
  vars, attrs, coord_names = xr.conventions.decode_cf_variables(
/Applications/MAMP/htdocs/normal-surf/.venv/lib/python3.13/site-packages/cfgrib/xarray_plugin.py:131: FutureWarning: In a future version, xarray will not decode the variable 'step' into a timedelta64 dtype based on the presence of a timedelta-like 'units' attribute by default. Instead it will rely on the presence of a timedelta64 'dtype' attribute, which is now xarray's default way of encoding timedelta64 values.
To continue decoding into a timedelta64 dtype, either set `decode_timedelta=True` when opening this dataset, or add the attribute `dtype='timedelta64[ns]'` to this variable on disk.
To opt-in to future behavior, set `decode_timedelta=False`.
  vars, attrs, coord_names = xr.conventions.decode_cf_variables(
/Applications/MAMP/htdocs/normal-surf/.venv/lib/python3.13/site-packages/cfgrib/xarray_plugin.py:131: FutureWarning: In a future version, xarray will not decode the variable 'step' into a timedelta64 dtype based on the presence of a timedelta-like 'units' attribute by default. Instead it will rely on the presence of a timedelta64 'dtype' attribute, which is now xarray's default way of encoding timedelta64 values.
To continue decoding into a timedelta64 dtype, either set `decode_timedelta=True` when opening this dataset, or add the attribute `dtype='timedelta64[ns]'` to this variable on disk.
To opt-in to future behavior, set `decode_timedelta=False`.
  vars, attrs, coord_names = xr.conventions.decode_cf_variables(
/Applications/MAMP/htdocs/normal-surf/.venv/lib/python3.13/site-packages/cfgrib/xarray_plugin.py:131: FutureWarning: In a future version, xarray will not decode the variable 'step' into a timedelta64 dtype based on the presence of a timedelta-like 'units' attribute by default. Instead it will rely on the presence of a timedelta64 'dtype' attribute, which is now xarray's default way of encoding timedelta64 values.
To continue decoding into a timedelta64 dtype, either set `decode_timedelta=True` when opening this dataset, or add the attribute `dtype='timedelta64[ns]'` to this variable on disk.
To opt-in to future behavior, set `decode_timedelta=False`.
  vars, attrs, coord_names = xr.conventions.decode_cf_variables(
Wrote JSON: data/wave-forecast/wave_point_41112.json (25 rows)
Processing station 41117 at lat=29.999, lon=-81.079…
/Applications/MAMP/htdocs/normal-surf/.venv/lib/python3.13/site-packages/cfgrib/xarray_plugin.py:131: FutureWarning: In a future version, xarray will not decode the variable 'step' into a timedelta64 dtype based on the presence of a timedelta-like 'units' attribute by default. Instead it will rely on the presence of a timedelta64 'dtype' attribute, which is now xarray's default way of encoding timedelta64 values.
To continue decoding into a timedelta64 dtype, either set `decode_timedelta=True` when opening this dataset, or add the attribute `dtype='timedelta64[ns]'` to this variable on disk.
To opt-in to future behavior, set `decode_timedelta=False`.
  vars, attrs, coord_names = xr.conventions.decode_cf_variables(
/Applications/MAMP/htdocs/normal-surf/.venv/lib/python3.13/site-packages/cfgrib/xarray_plugin.py:131: FutureWarning: In a future version, xarray will not decode the variable 'step' into a timedelta64 dtype based on the presence of a timedelta-like 'units' attribute by default. Instead it will rely on the presence of a timedelta64 'dtype' attribute, which is now xarray's default way of encoding timedelta64 values.
To continue decoding into a timedelta64 dtype, either set `decode_timedelta=True` when opening this dataset, or add the attribute `dtype='timedelta64[ns]'` to this variable on disk.
To opt-in to future behavior, set `decode_timedelta=False`.
  vars, attrs, coord_names = xr.conventions.decode_cf_variables(
/Applications/MAMP/htdocs/normal-surf/.venv/lib/python3.13/site-packages/cfgrib/xarray_plugin.py:131: FutureWarning: In a future version, xarray will not decode the variable 'step' into a timedelta64 dtype based on the presence of a timedelta-like 'units' attribute by default. Instead it will rely on the presence of a timedelta64 'dtype' attribute, which is now xarray's default way of encoding timedelta64 values.
To continue decoding into a timedelta64 dtype, either set `decode_timedelta=True` when opening this dataset, or add the attribute `dtype='timedelta64[ns]'` to this variable on disk.
To opt-in to future behavior, set `decode_timedelta=False`.
  vars, attrs, coord_names = xr.conventions.decode_cf_variables(
/Applications/MAMP/htdocs/normal-surf/.venv/lib/python3.13/site-packages/cfgrib/xarray_plugin.py:131: FutureWarning: In a future version, xarray will not decode the variable 'step' into a timedelta64 dtype based on the presence of a timedelta-like 'units' attribute by default. Instead it will rely on the presence of a timedelta64 'dtype' attribute, which is now xarray's default way of encoding timedelta64 values.
To continue decoding into a timedelta64 dtype, either set `decode_timedelta=True` when opening this dataset, or add the attribute `dtype='timedelta64[ns]'` to this variable on disk.
To opt-in to future behavior, set `decode_timedelta=False`.
  vars, attrs, coord_names = xr.conventions.decode_cf_variables(
/Applications/MAMP/htdocs/normal-surf/.venv/lib/python3.13/site-packages/cfgrib/xarray_plugin.py:131: FutureWarning: In a future version, xarray will not decode the variable 'step' into a timedelta64 dtype based on the presence of a timedelta-like 'units' attribute by default. Instead it will rely on the presence of a timedelta64 'dtype' attribute, which is now xarray's default way of encoding timedelta64 values.
To continue decoding into a timedelta64 dtype, either set `decode_timedelta=True` when opening this dataset, or add the attribute `dtype='timedelta64[ns]'` to this variable on disk.
To opt-in to future behavior, set `decode_timedelta=False`.
  vars, attrs, coord_names = xr.conventions.decode_cf_variables(
/Applications/MAMP/htdocs/normal-surf/.venv/lib/python3.13/site-packages/cfgrib/xarray_plugin.py:131: FutureWarning: In a future version, xarray will not decode the variable 'step' into a timedelta64 dtype based on the presence of a timedelta-like 'units' attribute by default. Instead it will rely on the presence of a timedelta64 'dtype' attribute, which is now xarray's default way of encoding timedelta64 values.
To continue decoding into a timedelta64 dtype, either set `decode_timedelta=True` when opening this dataset, or add the attribute `dtype='timedelta64[ns]'` to this variable on disk.
To opt-in to future behavior, set `decode_timedelta=False`.
  vars, attrs, coord_names = xr.conventions.decode_cf_variables(
/Applications/MAMP/htdocs/normal-surf/.venv/lib/python3.13/site-packages/cfgrib/xarray_plugin.py:131: FutureWarning: In a future version, xarray will not decode the variable 'step' into a timedelta64 dtype based on the presence of a timedelta-like 'units' attribute by default. Instead it will rely on the presence of a timedelta64 'dtype' attribute, which is now xarray's default way of encoding timedelta64 values.
To continue decoding into a timedelta64 dtype, either set `decode_timedelta=True` when opening this dataset, or add the attribute `dtype='timedelta64[ns]'` to this variable on disk.
To opt-in to future behavior, set `decode_timedelta=False`.
  vars, attrs, coord_names = xr.conventions.decode_cf_variables(
/Applications/MAMP/htdocs/normal-surf/.venv/lib/python3.13/site-packages/cfgrib/xarray_plugin.py:131: FutureWarning: In a future version, xarray will not decode the variable 'step' into a timedelta64 dtype based on the presence of a timedelta-like 'units' attribute by default. Instead it will rely on the presence of a timedelta64 'dtype' attribute, which is now xarray's default way of encoding timedelta64 values.
To continue decoding into a timedelta64 dtype, either set `decode_timedelta=True` when opening this dataset, or add the attribute `dtype='timedelta64[ns]'` to this variable on disk.
To opt-in to future behavior, set `decode_timedelta=False`.
  vars, attrs, coord_names = xr.conventions.decode_cf_variables(
/Applications/MAMP/htdocs/normal-surf/.venv/lib/python3.13/site-packages/cfgrib/xarray_plugin.py:131: FutureWarning: In a future version, xarray will not decode the variable 'step' into a timedelta64 dtype based on the presence of a timedelta-like 'units' attribute by default. Instead it will rely on the presence of a timedelta64 'dtype' attribute, which is now xarray's default way of encoding timedelta64 values.
To continue decoding into a timedelta64 dtype, either set `decode_timedelta=True` when opening this dataset, or add the attribute `dtype='timedelta64[ns]'` to this variable on disk.
To opt-in to future behavior, set `decode_timedelta=False`.
  vars, attrs, coord_names = xr.conventions.decode_cf_variables(
/Applications/MAMP/htdocs/normal-surf/.venv/lib/python3.13/site-packages/cfgrib/xarray_plugin.py:131: FutureWarning: In a future version, xarray will not decode the variable 'step' into a timedelta64 dtype based on the presence of a timedelta-like 'units' attribute by default. Instead it will rely on the presence of a timedelta64 'dtype' attribute, which is now xarray's default way of encoding timedelta64 values.
To continue decoding into a timedelta64 dtype, either set `decode_timedelta=True` when opening this dataset, or add the attribute `dtype='timedelta64[ns]'` to this variable on disk.
To opt-in to future behavior, set `decode_timedelta=False`.
  vars, attrs, coord_names = xr.conventions.decode_cf_variables(
/Applications/MAMP/htdocs/normal-surf/.venv/lib/python3.13/site-packages/cfgrib/xarray_plugin.py:131: FutureWarning: In a future version, xarray will not decode the variable 'step' into a timedelta64 dtype based on the presence of a timedelta-like 'units' attribute by default. Instead it will rely on the presence of a timedelta64 'dtype' attribute, which is now xarray's default way of encoding timedelta64 values.
To continue decoding into a timedelta64 dtype, either set `decode_timedelta=True` when opening this dataset, or add the attribute `dtype='timedelta64[ns]'` to this variable on disk.
To opt-in to future behavior, set `decode_timedelta=False`.
  vars, attrs, coord_names = xr.conventions.decode_cf_variables(
/Applications/MAMP/htdocs/normal-surf/.venv/lib/python3.13/site-packages/cfgrib/xarray_plugin.py:131: FutureWarning: In a future version, xarray will not decode the variable 'step' into a timedelta64 dtype based on the presence of a timedelta-like 'units' attribute by default. Instead it will rely on the presence of a timedelta64 'dtype' attribute, which is now xarray's default way of encoding timedelta64 values.
To continue decoding into a timedelta64 dtype, either set `decode_timedelta=True` when opening this dataset, or add the attribute `dtype='timedelta64[ns]'` to this variable on disk.
To opt-in to future behavior, set `decode_timedelta=False`.
  vars, attrs, coord_names = xr.conventions.decode_cf_variables(
/Applications/MAMP/htdocs/normal-surf/.venv/lib/python3.13/site-packages/cfgrib/xarray_plugin.py:131: FutureWarning: In a future version, xarray will not decode the variable 'step' into a timedelta64 dtype based on the presence of a timedelta-like 'units' attribute by default. Instead it will rely on the presence of a timedelta64 'dtype' attribute, which is now xarray's default way of encoding timedelta64 values.
To continue decoding into a timedelta64 dtype, either set `decode_timedelta=True` when opening this dataset, or add the attribute `dtype='timedelta64[ns]'` to this variable on disk.
To opt-in to future behavior, set `decode_timedelta=False`.
  vars, attrs, coord_names = xr.conventions.decode_cf_variables(
/Applications/MAMP/htdocs/normal-surf/.venv/lib/python3.13/site-packages/cfgrib/xarray_plugin.py:131: FutureWarning: In a future version, xarray will not decode the variable 'step' into a timedelta64 dtype based on the presence of a timedelta-like 'units' attribute by default. Instead it will rely on the presence of a timedelta64 'dtype' attribute, which is now xarray's default way of encoding timedelta64 values.
To continue decoding into a timedelta64 dtype, either set `decode_timedelta=True` when opening this dataset, or add the attribute `dtype='timedelta64[ns]'` to this variable on disk.
To opt-in to future behavior, set `decode_timedelta=False`.
  vars, attrs, coord_names = xr.conventions.decode_cf_variables(
/Applications/MAMP/htdocs/normal-surf/.venv/lib/python3.13/site-packages/cfgrib/xarray_plugin.py:131: FutureWarning: In a future version, xarray will not decode the variable 'step' into a timedelta64 dtype based on the presence of a timedelta-like 'units' attribute by default. Instead it will rely on the presence of a timedelta64 'dtype' attribute, which is now xarray's default way of encoding timedelta64 values.
To continue decoding into a timedelta64 dtype, either set `decode_timedelta=True` when opening this dataset, or add the attribute `dtype='timedelta64[ns]'` to this variable on disk.
To opt-in to future behavior, set `decode_timedelta=False`.
  vars, attrs, coord_names = xr.conventions.decode_cf_variables(
/Applications/MAMP/htdocs/normal-surf/.venv/lib/python3.13/site-packages/cfgrib/xarray_plugin.py:131: FutureWarning: In a future version, xarray will not decode the variable 'step' into a timedelta64 dtype based on the presence of a timedelta-like 'units' attribute by default. Instead it will rely on the presence of a timedelta64 'dtype' attribute, which is now xarray's default way of encoding timedelta64 values.
To continue decoding into a timedelta64 dtype, either set `decode_timedelta=True` when opening this dataset, or add the attribute `dtype='timedelta64[ns]'` to this variable on disk.
To opt-in to future behavior, set `decode_timedelta=False`.
  vars, attrs, coord_names = xr.conventions.decode_cf_variables(
/Applications/MAMP/htdocs/normal-surf/.venv/lib/python3.13/site-packages/cfgrib/xarray_plugin.py:131: FutureWarning: In a future version, xarray will not decode the variable 'step' into a timedelta64 dtype based on the presence of a timedelta-like 'units' attribute by default. Instead it will rely on the presence of a timedelta64 'dtype' attribute, which is now xarray's default way of encoding timedelta64 values.
To continue decoding into a timedelta64 dtype, either set `decode_timedelta=True` when opening this dataset, or add the attribute `dtype='timedelta64[ns]'` to this variable on disk.
To opt-in to future behavior, set `decode_timedelta=False`.
  vars, attrs, coord_names = xr.conventions.decode_cf_variables(
/Applications/MAMP/htdocs/normal-surf/.venv/lib/python3.13/site-packages/cfgrib/xarray_plugin.py:131: FutureWarning: In a future version, xarray will not decode the variable 'step' into a timedelta64 dtype based on the presence of a timedelta-like 'units' attribute by default. Instead it will rely on the presence of a timedelta64 'dtype' attribute, which is now xarray's default way of encoding timedelta64 values.
To continue decoding into a timedelta64 dtype, either set `decode_timedelta=True` when opening this dataset, or add the attribute `dtype='timedelta64[ns]'` to this variable on disk.
To opt-in to future behavior, set `decode_timedelta=False`.
  vars, attrs, coord_names = xr.conventions.decode_cf_variables(
/Applications/MAMP/htdocs/normal-surf/.venv/lib/python3.13/site-packages/cfgrib/xarray_plugin.py:131: FutureWarning: In a future version, xarray will not decode the variable 'step' into a timedelta64 dtype based on the presence of a timedelta-like 'units' attribute by default. Instead it will rely on the presence of a timedelta64 'dtype' attribute, which is now xarray's default way of encoding timedelta64 values.
To continue decoding into a timedelta64 dtype, either set `decode_timedelta=True` when opening this dataset, or add the attribute `dtype='timedelta64[ns]'` to this variable on disk.
To opt-in to future behavior, set `decode_timedelta=False`.
  vars, attrs, coord_names = xr.conventions.decode_cf_variables(
/Applications/MAMP/htdocs/normal-surf/.venv/lib/python3.13/site-packages/cfgrib/xarray_plugin.py:131: FutureWarning: In a future version, xarray will not decode the variable 'step' into a timedelta64 dtype based on the presence of a timedelta-like 'units' attribute by default. Instead it will rely on the presence of a timedelta64 'dtype' attribute, which is now xarray's default way of encoding timedelta64 values.
To continue decoding into a timedelta64 dtype, either set `decode_timedelta=True` when opening this dataset, or add the attribute `dtype='timedelta64[ns]'` to this variable on disk.
To opt-in to future behavior, set `decode_timedelta=False`.
  vars, attrs, coord_names = xr.conventions.decode_cf_variables(
/Applications/MAMP/htdocs/normal-surf/.venv/lib/python3.13/site-packages/cfgrib/xarray_plugin.py:131: FutureWarning: In a future version, xarray will not decode the variable 'step' into a timedelta64 dtype based on the presence of a timedelta-like 'units' attribute by default. Instead it will rely on the presence of a timedelta64 'dtype' attribute, which is now xarray's default way of encoding timedelta64 values.
To continue decoding into a timedelta64 dtype, either set `decode_timedelta=True` when opening this dataset, or add the attribute `dtype='timedelta64[ns]'` to this variable on disk.
To opt-in to future behavior, set `decode_timedelta=False`.
  vars, attrs, coord_names = xr.conventions.decode_cf_variables(
/Applications/MAMP/htdocs/normal-surf/.venv/lib/python3.13/site-packages/cfgrib/xarray_plugin.py:131: FutureWarning: In a future version, xarray will not decode the variable 'step' into a timedelta64 dtype based on the presence of a timedelta-like 'units' attribute by default. Instead it will rely on the presence of a timedelta64 'dtype' attribute, which is now xarray's default way of encoding timedelta64 values.
To continue decoding into a timedelta64 dtype, either set `decode_timedelta=True` when opening this dataset, or add the attribute `dtype='timedelta64[ns]'` to this variable on disk.
To opt-in to future behavior, set `decode_timedelta=False`.
  vars, attrs, coord_names = xr.conventions.decode_cf_variables(
/Applications/MAMP/htdocs/normal-surf/.venv/lib/python3.13/site-packages/cfgrib/xarray_plugin.py:131: FutureWarning: In a future version, xarray will not decode the variable 'step' into a timedelta64 dtype based on the presence of a timedelta-like 'units' attribute by default. Instead it will rely on the presence of a timedelta64 'dtype' attribute, which is now xarray's default way of encoding timedelta64 values.
To continue decoding into a timedelta64 dtype, either set `decode_timedelta=True` when opening this dataset, or add the attribute `dtype='timedelta64[ns]'` to this variable on disk.
To opt-in to future behavior, set `decode_timedelta=False`.
  vars, attrs, coord_names = xr.conventions.decode_cf_variables(
/Applications/MAMP/htdocs/normal-surf/.venv/lib/python3.13/site-packages/cfgrib/xarray_plugin.py:131: FutureWarning: In a future version, xarray will not decode the variable 'step' into a timedelta64 dtype based on the presence of a timedelta-like 'units' attribute by default. Instead it will rely on the presence of a timedelta64 'dtype' attribute, which is now xarray's default way of encoding timedelta64 values.
To continue decoding into a timedelta64 dtype, either set `decode_timedelta=True` when opening this dataset, or add the attribute `dtype='timedelta64[ns]'` to this variable on disk.
To opt-in to future behavior, set `decode_timedelta=False`.
  vars, attrs, coord_names = xr.conventions.decode_cf_variables(
/Applications/MAMP/htdocs/normal-surf/.venv/lib/python3.13/site-packages/cfgrib/xarray_plugin.py:131: FutureWarning: In a future version, xarray will not decode the variable 'step' into a timedelta64 dtype based on the presence of a timedelta-like 'units' attribute by default. Instead it will rely on the presence of a timedelta64 'dtype' attribute, which is now xarray's default way of encoding timedelta64 values.
To continue decoding into a timedelta64 dtype, either set `decode_timedelta=True` when opening this dataset, or add the attribute `dtype='timedelta64[ns]'` to this variable on disk.
To opt-in to future behavior, set `decode_timedelta=False`.
  vars, attrs, coord_names = xr.conventions.decode_cf_variables(
Wrote JSON: data/wave-forecast/wave_point_41117.json (25 rows)
[2025-09-05T22:14:45Z] runner tick
python-dotenv could not parse statement starting at line 18
Discovering latest GFS-Wave run (lookback=72h)…
probe 2025-09-05 18Z → https://nomads.ncep.noaa.gov/pub/data/nccf/com/gfs/prod/gfs.20250905/18/wave/gridded/gfswave.t18z.global.0p25.f000.grib2.idx
Found run 2025-09-05 18Z @ https://nomads.ncep.noaa.gov/pub/data/nccf/com/gfs/prod/gfs.20250905/18/wave/gridded
Resolved run 2025-09-05 18Z @ https://nomads.ncep.noaa.gov/pub/data/nccf/com/gfs/prod/gfs.20250905/18/wave/gridded
Downloaded 25/25 GRIB files → data/grib/gfswave/20250905/18
Processing station 41112 at lat=30.709, lon=-81.292…
/Applications/MAMP/htdocs/normal-surf/.venv/lib/python3.13/site-packages/cfgrib/xarray_plugin.py:131: FutureWarning: In a future version, xarray will not decode the variable 'step' into a timedelta64 dtype based on the presence of a timedelta-like 'units' attribute by default. Instead it will rely on the presence of a timedelta64 'dtype' attribute, which is now xarray's default way of encoding timedelta64 values.
To continue decoding into a timedelta64 dtype, either set `decode_timedelta=True` when opening this dataset, or add the attribute `dtype='timedelta64[ns]'` to this variable on disk.
To opt-in to future behavior, set `decode_timedelta=False`.
  vars, attrs, coord_names = xr.conventions.decode_cf_variables(
/Applications/MAMP/htdocs/normal-surf/.venv/lib/python3.13/site-packages/cfgrib/xarray_plugin.py:131: FutureWarning: In a future version, xarray will not decode the variable 'step' into a timedelta64 dtype based on the presence of a timedelta-like 'units' attribute by default. Instead it will rely on the presence of a timedelta64 'dtype' attribute, which is now xarray's default way of encoding timedelta64 values.
To continue decoding into a timedelta64 dtype, either set `decode_timedelta=True` when opening this dataset, or add the attribute `dtype='timedelta64[ns]'` to this variable on disk.
To opt-in to future behavior, set `decode_timedelta=False`.
  vars, attrs, coord_names = xr.conventions.decode_cf_variables(
/Applications/MAMP/htdocs/normal-surf/.venv/lib/python3.13/site-packages/cfgrib/xarray_plugin.py:131: FutureWarning: In a future version, xarray will not decode the variable 'step' into a timedelta64 dtype based on the presence of a timedelta-like 'units' attribute by default. Instead it will rely on the presence of a timedelta64 'dtype' attribute, which is now xarray's default way of encoding timedelta64 values.
To continue decoding into a timedelta64 dtype, either set `decode_timedelta=True` when opening this dataset, or add the attribute `dtype='timedelta64[ns]'` to this variable on disk.
To opt-in to future behavior, set `decode_timedelta=False`.
  vars, attrs, coord_names = xr.conventions.decode_cf_variables(
/Applications/MAMP/htdocs/normal-surf/.venv/lib/python3.13/site-packages/cfgrib/xarray_plugin.py:131: FutureWarning: In a future version, xarray will not decode the variable 'step' into a timedelta64 dtype based on the presence of a timedelta-like 'units' attribute by default. Instead it will rely on the presence of a timedelta64 'dtype' attribute, which is now xarray's default way of encoding timedelta64 values.
To continue decoding into a timedelta64 dtype, either set `decode_timedelta=True` when opening this dataset, or add the attribute `dtype='timedelta64[ns]'` to this variable on disk.
To opt-in to future behavior, set `decode_timedelta=False`.
  vars, attrs, coord_names = xr.conventions.decode_cf_variables(
/Applications/MAMP/htdocs/normal-surf/.venv/lib/python3.13/site-packages/cfgrib/xarray_plugin.py:131: FutureWarning: In a future version, xarray will not decode the variable 'step' into a timedelta64 dtype based on the presence of a timedelta-like 'units' attribute by default. Instead it will rely on the presence of a timedelta64 'dtype' attribute, which is now xarray's default way of encoding timedelta64 values.
To continue decoding into a timedelta64 dtype, either set `decode_timedelta=True` when opening this dataset, or add the attribute `dtype='timedelta64[ns]'` to this variable on disk.
To opt-in to future behavior, set `decode_timedelta=False`.
  vars, attrs, coord_names = xr.conventions.decode_cf_variables(
/Applications/MAMP/htdocs/normal-surf/.venv/lib/python3.13/site-packages/cfgrib/xarray_plugin.py:131: FutureWarning: In a future version, xarray will not decode the variable 'step' into a timedelta64 dtype based on the presence of a timedelta-like 'units' attribute by default. Instead it will rely on the presence of a timedelta64 'dtype' attribute, which is now xarray's default way of encoding timedelta64 values.
To continue decoding into a timedelta64 dtype, either set `decode_timedelta=True` when opening this dataset, or add the attribute `dtype='timedelta64[ns]'` to this variable on disk.
To opt-in to future behavior, set `decode_timedelta=False`.
  vars, attrs, coord_names = xr.conventions.decode_cf_variables(
/Applications/MAMP/htdocs/normal-surf/.venv/lib/python3.13/site-packages/cfgrib/xarray_plugin.py:131: FutureWarning: In a future version, xarray will not decode the variable 'step' into a timedelta64 dtype based on the presence of a timedelta-like 'units' attribute by default. Instead it will rely on the presence of a timedelta64 'dtype' attribute, which is now xarray's default way of encoding timedelta64 values.
To continue decoding into a timedelta64 dtype, either set `decode_timedelta=True` when opening this dataset, or add the attribute `dtype='timedelta64[ns]'` to this variable on disk.
To opt-in to future behavior, set `decode_timedelta=False`.
  vars, attrs, coord_names = xr.conventions.decode_cf_variables(
/Applications/MAMP/htdocs/normal-surf/.venv/lib/python3.13/site-packages/cfgrib/xarray_plugin.py:131: FutureWarning: In a future version, xarray will not decode the variable 'step' into a timedelta64 dtype based on the presence of a timedelta-like 'units' attribute by default. Instead it will rely on the presence of a timedelta64 'dtype' attribute, which is now xarray's default way of encoding timedelta64 values.
To continue decoding into a timedelta64 dtype, either set `decode_timedelta=True` when opening this dataset, or add the attribute `dtype='timedelta64[ns]'` to this variable on disk.
To opt-in to future behavior, set `decode_timedelta=False`.
  vars, attrs, coord_names = xr.conventions.decode_cf_variables(
/Applications/MAMP/htdocs/normal-surf/.venv/lib/python3.13/site-packages/cfgrib/xarray_plugin.py:131: FutureWarning: In a future version, xarray will not decode the variable 'step' into a timedelta64 dtype based on the presence of a timedelta-like 'units' attribute by default. Instead it will rely on the presence of a timedelta64 'dtype' attribute, which is now xarray's default way of encoding timedelta64 values.
To continue decoding into a timedelta64 dtype, either set `decode_timedelta=True` when opening this dataset, or add the attribute `dtype='timedelta64[ns]'` to this variable on disk.
To opt-in to future behavior, set `decode_timedelta=False`.
  vars, attrs, coord_names = xr.conventions.decode_cf_variables(
/Applications/MAMP/htdocs/normal-surf/.venv/lib/python3.13/site-packages/cfgrib/xarray_plugin.py:131: FutureWarning: In a future version, xarray will not decode the variable 'step' into a timedelta64 dtype based on the presence of a timedelta-like 'units' attribute by default. Instead it will rely on the presence of a timedelta64 'dtype' attribute, which is now xarray's default way of encoding timedelta64 values.
To continue decoding into a timedelta64 dtype, either set `decode_timedelta=True` when opening this dataset, or add the attribute `dtype='timedelta64[ns]'` to this variable on disk.
To opt-in to future behavior, set `decode_timedelta=False`.
  vars, attrs, coord_names = xr.conventions.decode_cf_variables(
/Applications/MAMP/htdocs/normal-surf/.venv/lib/python3.13/site-packages/cfgrib/xarray_plugin.py:131: FutureWarning: In a future version, xarray will not decode the variable 'step' into a timedelta64 dtype based on the presence of a timedelta-like 'units' attribute by default. Instead it will rely on the presence of a timedelta64 'dtype' attribute, which is now xarray's default way of encoding timedelta64 values.
To continue decoding into a timedelta64 dtype, either set `decode_timedelta=True` when opening this dataset, or add the attribute `dtype='timedelta64[ns]'` to this variable on disk.
To opt-in to future behavior, set `decode_timedelta=False`.
  vars, attrs, coord_names = xr.conventions.decode_cf_variables(
/Applications/MAMP/htdocs/normal-surf/.venv/lib/python3.13/site-packages/cfgrib/xarray_plugin.py:131: FutureWarning: In a future version, xarray will not decode the variable 'step' into a timedelta64 dtype based on the presence of a timedelta-like 'units' attribute by default. Instead it will rely on the presence of a timedelta64 'dtype' attribute, which is now xarray's default way of encoding timedelta64 values.
To continue decoding into a timedelta64 dtype, either set `decode_timedelta=True` when opening this dataset, or add the attribute `dtype='timedelta64[ns]'` to this variable on disk.
To opt-in to future behavior, set `decode_timedelta=False`.
  vars, attrs, coord_names = xr.conventions.decode_cf_variables(
/Applications/MAMP/htdocs/normal-surf/.venv/lib/python3.13/site-packages/cfgrib/xarray_plugin.py:131: FutureWarning: In a future version, xarray will not decode the variable 'step' into a timedelta64 dtype based on the presence of a timedelta-like 'units' attribute by default. Instead it will rely on the presence of a timedelta64 'dtype' attribute, which is now xarray's default way of encoding timedelta64 values.
To continue decoding into a timedelta64 dtype, either set `decode_timedelta=True` when opening this dataset, or add the attribute `dtype='timedelta64[ns]'` to this variable on disk.
To opt-in to future behavior, set `decode_timedelta=False`.
  vars, attrs, coord_names = xr.conventions.decode_cf_variables(
/Applications/MAMP/htdocs/normal-surf/.venv/lib/python3.13/site-packages/cfgrib/xarray_plugin.py:131: FutureWarning: In a future version, xarray will not decode the variable 'step' into a timedelta64 dtype based on the presence of a timedelta-like 'units' attribute by default. Instead it will rely on the presence of a timedelta64 'dtype' attribute, which is now xarray's default way of encoding timedelta64 values.
To continue decoding into a timedelta64 dtype, either set `decode_timedelta=True` when opening this dataset, or add the attribute `dtype='timedelta64[ns]'` to this variable on disk.
To opt-in to future behavior, set `decode_timedelta=False`.
  vars, attrs, coord_names = xr.conventions.decode_cf_variables(
/Applications/MAMP/htdocs/normal-surf/.venv/lib/python3.13/site-packages/cfgrib/xarray_plugin.py:131: FutureWarning: In a future version, xarray will not decode the variable 'step' into a timedelta64 dtype based on the presence of a timedelta-like 'units' attribute by default. Instead it will rely on the presence of a timedelta64 'dtype' attribute, which is now xarray's default way of encoding timedelta64 values.
To continue decoding into a timedelta64 dtype, either set `decode_timedelta=True` when opening this dataset, or add the attribute `dtype='timedelta64[ns]'` to this variable on disk.
To opt-in to future behavior, set `decode_timedelta=False`.
  vars, attrs, coord_names = xr.conventions.decode_cf_variables(
/Applications/MAMP/htdocs/normal-surf/.venv/lib/python3.13/site-packages/cfgrib/xarray_plugin.py:131: FutureWarning: In a future version, xarray will not decode the variable 'step' into a timedelta64 dtype based on the presence of a timedelta-like 'units' attribute by default. Instead it will rely on the presence of a timedelta64 'dtype' attribute, which is now xarray's default way of encoding timedelta64 values.
To continue decoding into a timedelta64 dtype, either set `decode_timedelta=True` when opening this dataset, or add the attribute `dtype='timedelta64[ns]'` to this variable on disk.
To opt-in to future behavior, set `decode_timedelta=False`.
  vars, attrs, coord_names = xr.conventions.decode_cf_variables(
/Applications/MAMP/htdocs/normal-surf/.venv/lib/python3.13/site-packages/cfgrib/xarray_plugin.py:131: FutureWarning: In a future version, xarray will not decode the variable 'step' into a timedelta64 dtype based on the presence of a timedelta-like 'units' attribute by default. Instead it will rely on the presence of a timedelta64 'dtype' attribute, which is now xarray's default way of encoding timedelta64 values.
To continue decoding into a timedelta64 dtype, either set `decode_timedelta=True` when opening this dataset, or add the attribute `dtype='timedelta64[ns]'` to this variable on disk.
To opt-in to future behavior, set `decode_timedelta=False`.
  vars, attrs, coord_names = xr.conventions.decode_cf_variables(
/Applications/MAMP/htdocs/normal-surf/.venv/lib/python3.13/site-packages/cfgrib/xarray_plugin.py:131: FutureWarning: In a future version, xarray will not decode the variable 'step' into a timedelta64 dtype based on the presence of a timedelta-like 'units' attribute by default. Instead it will rely on the presence of a timedelta64 'dtype' attribute, which is now xarray's default way of encoding timedelta64 values.
To continue decoding into a timedelta64 dtype, either set `decode_timedelta=True` when opening this dataset, or add the attribute `dtype='timedelta64[ns]'` to this variable on disk.
To opt-in to future behavior, set `decode_timedelta=False`.
  vars, attrs, coord_names = xr.conventions.decode_cf_variables(
/Applications/MAMP/htdocs/normal-surf/.venv/lib/python3.13/site-packages/cfgrib/xarray_plugin.py:131: FutureWarning: In a future version, xarray will not decode the variable 'step' into a timedelta64 dtype based on the presence of a timedelta-like 'units' attribute by default. Instead it will rely on the presence of a timedelta64 'dtype' attribute, which is now xarray's default way of encoding timedelta64 values.
To continue decoding into a timedelta64 dtype, either set `decode_timedelta=True` when opening this dataset, or add the attribute `dtype='timedelta64[ns]'` to this variable on disk.
To opt-in to future behavior, set `decode_timedelta=False`.
  vars, attrs, coord_names = xr.conventions.decode_cf_variables(
/Applications/MAMP/htdocs/normal-surf/.venv/lib/python3.13/site-packages/cfgrib/xarray_plugin.py:131: FutureWarning: In a future version, xarray will not decode the variable 'step' into a timedelta64 dtype based on the presence of a timedelta-like 'units' attribute by default. Instead it will rely on the presence of a timedelta64 'dtype' attribute, which is now xarray's default way of encoding timedelta64 values.
To continue decoding into a timedelta64 dtype, either set `decode_timedelta=True` when opening this dataset, or add the attribute `dtype='timedelta64[ns]'` to this variable on disk.
To opt-in to future behavior, set `decode_timedelta=False`.
  vars, attrs, coord_names = xr.conventions.decode_cf_variables(
/Applications/MAMP/htdocs/normal-surf/.venv/lib/python3.13/site-packages/cfgrib/xarray_plugin.py:131: FutureWarning: In a future version, xarray will not decode the variable 'step' into a timedelta64 dtype based on the presence of a timedelta-like 'units' attribute by default. Instead it will rely on the presence of a timedelta64 'dtype' attribute, which is now xarray's default way of encoding timedelta64 values.
To continue decoding into a timedelta64 dtype, either set `decode_timedelta=True` when opening this dataset, or add the attribute `dtype='timedelta64[ns]'` to this variable on disk.
To opt-in to future behavior, set `decode_timedelta=False`.
  vars, attrs, coord_names = xr.conventions.decode_cf_variables(
/Applications/MAMP/htdocs/normal-surf/.venv/lib/python3.13/site-packages/cfgrib/xarray_plugin.py:131: FutureWarning: In a future version, xarray will not decode the variable 'step' into a timedelta64 dtype based on the presence of a timedelta-like 'units' attribute by default. Instead it will rely on the presence of a timedelta64 'dtype' attribute, which is now xarray's default way of encoding timedelta64 values.
To continue decoding into a timedelta64 dtype, either set `decode_timedelta=True` when opening this dataset, or add the attribute `dtype='timedelta64[ns]'` to this variable on disk.
To opt-in to future behavior, set `decode_timedelta=False`.
  vars, attrs, coord_names = xr.conventions.decode_cf_variables(
/Applications/MAMP/htdocs/normal-surf/.venv/lib/python3.13/site-packages/cfgrib/xarray_plugin.py:131: FutureWarning: In a future version, xarray will not decode the variable 'step' into a timedelta64 dtype based on the presence of a timedelta-like 'units' attribute by default. Instead it will rely on the presence of a timedelta64 'dtype' attribute, which is now xarray's default way of encoding timedelta64 values.
To continue decoding into a timedelta64 dtype, either set `decode_timedelta=True` when opening this dataset, or add the attribute `dtype='timedelta64[ns]'` to this variable on disk.
To opt-in to future behavior, set `decode_timedelta=False`.
  vars, attrs, coord_names = xr.conventions.decode_cf_variables(
/Applications/MAMP/htdocs/normal-surf/.venv/lib/python3.13/site-packages/cfgrib/xarray_plugin.py:131: FutureWarning: In a future version, xarray will not decode the variable 'step' into a timedelta64 dtype based on the presence of a timedelta-like 'units' attribute by default. Instead it will rely on the presence of a timedelta64 'dtype' attribute, which is now xarray's default way of encoding timedelta64 values.
To continue decoding into a timedelta64 dtype, either set `decode_timedelta=True` when opening this dataset, or add the attribute `dtype='timedelta64[ns]'` to this variable on disk.
To opt-in to future behavior, set `decode_timedelta=False`.
  vars, attrs, coord_names = xr.conventions.decode_cf_variables(
/Applications/MAMP/htdocs/normal-surf/.venv/lib/python3.13/site-packages/cfgrib/xarray_plugin.py:131: FutureWarning: In a future version, xarray will not decode the variable 'step' into a timedelta64 dtype based on the presence of a timedelta-like 'units' attribute by default. Instead it will rely on the presence of a timedelta64 'dtype' attribute, which is now xarray's default way of encoding timedelta64 values.
To continue decoding into a timedelta64 dtype, either set `decode_timedelta=True` when opening this dataset, or add the attribute `dtype='timedelta64[ns]'` to this variable on disk.
To opt-in to future behavior, set `decode_timedelta=False`.
  vars, attrs, coord_names = xr.conventions.decode_cf_variables(
Wrote JSON: data/wave-forecast/wave_point_41112.json (25 rows)
Processing station 41117 at lat=29.999, lon=-81.079…
/Applications/MAMP/htdocs/normal-surf/.venv/lib/python3.13/site-packages/cfgrib/xarray_plugin.py:131: FutureWarning: In a future version, xarray will not decode the variable 'step' into a timedelta64 dtype based on the presence of a timedelta-like 'units' attribute by default. Instead it will rely on the presence of a timedelta64 'dtype' attribute, which is now xarray's default way of encoding timedelta64 values.
To continue decoding into a timedelta64 dtype, either set `decode_timedelta=True` when opening this dataset, or add the attribute `dtype='timedelta64[ns]'` to this variable on disk.
To opt-in to future behavior, set `decode_timedelta=False`.
  vars, attrs, coord_names = xr.conventions.decode_cf_variables(
/Applications/MAMP/htdocs/normal-surf/.venv/lib/python3.13/site-packages/cfgrib/xarray_plugin.py:131: FutureWarning: In a future version, xarray will not decode the variable 'step' into a timedelta64 dtype based on the presence of a timedelta-like 'units' attribute by default. Instead it will rely on the presence of a timedelta64 'dtype' attribute, which is now xarray's default way of encoding timedelta64 values.
To continue decoding into a timedelta64 dtype, either set `decode_timedelta=True` when opening this dataset, or add the attribute `dtype='timedelta64[ns]'` to this variable on disk.
To opt-in to future behavior, set `decode_timedelta=False`.
  vars, attrs, coord_names = xr.conventions.decode_cf_variables(
/Applications/MAMP/htdocs/normal-surf/.venv/lib/python3.13/site-packages/cfgrib/xarray_plugin.py:131: FutureWarning: In a future version, xarray will not decode the variable 'step' into a timedelta64 dtype based on the presence of a timedelta-like 'units' attribute by default. Instead it will rely on the presence of a timedelta64 'dtype' attribute, which is now xarray's default way of encoding timedelta64 values.
To continue decoding into a timedelta64 dtype, either set `decode_timedelta=True` when opening this dataset, or add the attribute `dtype='timedelta64[ns]'` to this variable on disk.
To opt-in to future behavior, set `decode_timedelta=False`.
  vars, attrs, coord_names = xr.conventions.decode_cf_variables(
/Applications/MAMP/htdocs/normal-surf/.venv/lib/python3.13/site-packages/cfgrib/xarray_plugin.py:131: FutureWarning: In a future version, xarray will not decode the variable 'step' into a timedelta64 dtype based on the presence of a timedelta-like 'units' attribute by default. Instead it will rely on the presence of a timedelta64 'dtype' attribute, which is now xarray's default way of encoding timedelta64 values.
To continue decoding into a timedelta64 dtype, either set `decode_timedelta=True` when opening this dataset, or add the attribute `dtype='timedelta64[ns]'` to this variable on disk.
To opt-in to future behavior, set `decode_timedelta=False`.
  vars, attrs, coord_names = xr.conventions.decode_cf_variables(
/Applications/MAMP/htdocs/normal-surf/.venv/lib/python3.13/site-packages/cfgrib/xarray_plugin.py:131: FutureWarning: In a future version, xarray will not decode the variable 'step' into a timedelta64 dtype based on the presence of a timedelta-like 'units' attribute by default. Instead it will rely on the presence of a timedelta64 'dtype' attribute, which is now xarray's default way of encoding timedelta64 values.
To continue decoding into a timedelta64 dtype, either set `decode_timedelta=True` when opening this dataset, or add the attribute `dtype='timedelta64[ns]'` to this variable on disk.
To opt-in to future behavior, set `decode_timedelta=False`.
  vars, attrs, coord_names = xr.conventions.decode_cf_variables(
/Applications/MAMP/htdocs/normal-surf/.venv/lib/python3.13/site-packages/cfgrib/xarray_plugin.py:131: FutureWarning: In a future version, xarray will not decode the variable 'step' into a timedelta64 dtype based on the presence of a timedelta-like 'units' attribute by default. Instead it will rely on the presence of a timedelta64 'dtype' attribute, which is now xarray's default way of encoding timedelta64 values.
To continue decoding into a timedelta64 dtype, either set `decode_timedelta=True` when opening this dataset, or add the attribute `dtype='timedelta64[ns]'` to this variable on disk.
To opt-in to future behavior, set `decode_timedelta=False`.
  vars, attrs, coord_names = xr.conventions.decode_cf_variables(
/Applications/MAMP/htdocs/normal-surf/.venv/lib/python3.13/site-packages/cfgrib/xarray_plugin.py:131: FutureWarning: In a future version, xarray will not decode the variable 'step' into a timedelta64 dtype based on the presence of a timedelta-like 'units' attribute by default. Instead it will rely on the presence of a timedelta64 'dtype' attribute, which is now xarray's default way of encoding timedelta64 values.
To continue decoding into a timedelta64 dtype, either set `decode_timedelta=True` when opening this dataset, or add the attribute `dtype='timedelta64[ns]'` to this variable on disk.
To opt-in to future behavior, set `decode_timedelta=False`.
  vars, attrs, coord_names = xr.conventions.decode_cf_variables(
/Applications/MAMP/htdocs/normal-surf/.venv/lib/python3.13/site-packages/cfgrib/xarray_plugin.py:131: FutureWarning: In a future version, xarray will not decode the variable 'step' into a timedelta64 dtype based on the presence of a timedelta-like 'units' attribute by default. Instead it will rely on the presence of a timedelta64 'dtype' attribute, which is now xarray's default way of encoding timedelta64 values.
To continue decoding into a timedelta64 dtype, either set `decode_timedelta=True` when opening this dataset, or add the attribute `dtype='timedelta64[ns]'` to this variable on disk.
To opt-in to future behavior, set `decode_timedelta=False`.
  vars, attrs, coord_names = xr.conventions.decode_cf_variables(
/Applications/MAMP/htdocs/normal-surf/.venv/lib/python3.13/site-packages/cfgrib/xarray_plugin.py:131: FutureWarning: In a future version, xarray will not decode the variable 'step' into a timedelta64 dtype based on the presence of a timedelta-like 'units' attribute by default. Instead it will rely on the presence of a timedelta64 'dtype' attribute, which is now xarray's default way of encoding timedelta64 values.
To continue decoding into a timedelta64 dtype, either set `decode_timedelta=True` when opening this dataset, or add the attribute `dtype='timedelta64[ns]'` to this variable on disk.
To opt-in to future behavior, set `decode_timedelta=False`.
  vars, attrs, coord_names = xr.conventions.decode_cf_variables(
/Applications/MAMP/htdocs/normal-surf/.venv/lib/python3.13/site-packages/cfgrib/xarray_plugin.py:131: FutureWarning: In a future version, xarray will not decode the variable 'step' into a timedelta64 dtype based on the presence of a timedelta-like 'units' attribute by default. Instead it will rely on the presence of a timedelta64 'dtype' attribute, which is now xarray's default way of encoding timedelta64 values.
To continue decoding into a timedelta64 dtype, either set `decode_timedelta=True` when opening this dataset, or add the attribute `dtype='timedelta64[ns]'` to this variable on disk.
To opt-in to future behavior, set `decode_timedelta=False`.
  vars, attrs, coord_names = xr.conventions.decode_cf_variables(
/Applications/MAMP/htdocs/normal-surf/.venv/lib/python3.13/site-packages/cfgrib/xarray_plugin.py:131: FutureWarning: In a future version, xarray will not decode the variable 'step' into a timedelta64 dtype based on the presence of a timedelta-like 'units' attribute by default. Instead it will rely on the presence of a timedelta64 'dtype' attribute, which is now xarray's default way of encoding timedelta64 values.
To continue decoding into a timedelta64 dtype, either set `decode_timedelta=True` when opening this dataset, or add the attribute `dtype='timedelta64[ns]'` to this variable on disk.
To opt-in to future behavior, set `decode_timedelta=False`.
  vars, attrs, coord_names = xr.conventions.decode_cf_variables(
/Applications/MAMP/htdocs/normal-surf/.venv/lib/python3.13/site-packages/cfgrib/xarray_plugin.py:131: FutureWarning: In a future version, xarray will not decode the variable 'step' into a timedelta64 dtype based on the presence of a timedelta-like 'units' attribute by default. Instead it will rely on the presence of a timedelta64 'dtype' attribute, which is now xarray's default way of encoding timedelta64 values.
To continue decoding into a timedelta64 dtype, either set `decode_timedelta=True` when opening this dataset, or add the attribute `dtype='timedelta64[ns]'` to this variable on disk.
To opt-in to future behavior, set `decode_timedelta=False`.
  vars, attrs, coord_names = xr.conventions.decode_cf_variables(
/Applications/MAMP/htdocs/normal-surf/.venv/lib/python3.13/site-packages/cfgrib/xarray_plugin.py:131: FutureWarning: In a future version, xarray will not decode the variable 'step' into a timedelta64 dtype based on the presence of a timedelta-like 'units' attribute by default. Instead it will rely on the presence of a timedelta64 'dtype' attribute, which is now xarray's default way of encoding timedelta64 values.
To continue decoding into a timedelta64 dtype, either set `decode_timedelta=True` when opening this dataset, or add the attribute `dtype='timedelta64[ns]'` to this variable on disk.
To opt-in to future behavior, set `decode_timedelta=False`.
  vars, attrs, coord_names = xr.conventions.decode_cf_variables(
/Applications/MAMP/htdocs/normal-surf/.venv/lib/python3.13/site-packages/cfgrib/xarray_plugin.py:131: FutureWarning: In a future version, xarray will not decode the variable 'step' into a timedelta64 dtype based on the presence of a timedelta-like 'units' attribute by default. Instead it will rely on the presence of a timedelta64 'dtype' attribute, which is now xarray's default way of encoding timedelta64 values.
To continue decoding into a timedelta64 dtype, either set `decode_timedelta=True` when opening this dataset, or add the attribute `dtype='timedelta64[ns]'` to this variable on disk.
To opt-in to future behavior, set `decode_timedelta=False`.
  vars, attrs, coord_names = xr.conventions.decode_cf_variables(
/Applications/MAMP/htdocs/normal-surf/.venv/lib/python3.13/site-packages/cfgrib/xarray_plugin.py:131: FutureWarning: In a future version, xarray will not decode the variable 'step' into a timedelta64 dtype based on the presence of a timedelta-like 'units' attribute by default. Instead it will rely on the presence of a timedelta64 'dtype' attribute, which is now xarray's default way of encoding timedelta64 values.
To continue decoding into a timedelta64 dtype, either set `decode_timedelta=True` when opening this dataset, or add the attribute `dtype='timedelta64[ns]'` to this variable on disk.
To opt-in to future behavior, set `decode_timedelta=False`.
  vars, attrs, coord_names = xr.conventions.decode_cf_variables(
/Applications/MAMP/htdocs/normal-surf/.venv/lib/python3.13/site-packages/cfgrib/xarray_plugin.py:131: FutureWarning: In a future version, xarray will not decode the variable 'step' into a timedelta64 dtype based on the presence of a timedelta-like 'units' attribute by default. Instead it will rely on the presence of a timedelta64 'dtype' attribute, which is now xarray's default way of encoding timedelta64 values.
To continue decoding into a timedelta64 dtype, either set `decode_timedelta=True` when opening this dataset, or add the attribute `dtype='timedelta64[ns]'` to this variable on disk.
To opt-in to future behavior, set `decode_timedelta=False`.
  vars, attrs, coord_names = xr.conventions.decode_cf_variables(
/Applications/MAMP/htdocs/normal-surf/.venv/lib/python3.13/site-packages/cfgrib/xarray_plugin.py:131: FutureWarning: In a future version, xarray will not decode the variable 'step' into a timedelta64 dtype based on the presence of a timedelta-like 'units' attribute by default. Instead it will rely on the presence of a timedelta64 'dtype' attribute, which is now xarray's default way of encoding timedelta64 values.
To continue decoding into a timedelta64 dtype, either set `decode_timedelta=True` when opening this dataset, or add the attribute `dtype='timedelta64[ns]'` to this variable on disk.
To opt-in to future behavior, set `decode_timedelta=False`.
  vars, attrs, coord_names = xr.conventions.decode_cf_variables(
/Applications/MAMP/htdocs/normal-surf/.venv/lib/python3.13/site-packages/cfgrib/xarray_plugin.py:131: FutureWarning: In a future version, xarray will not decode the variable 'step' into a timedelta64 dtype based on the presence of a timedelta-like 'units' attribute by default. Instead it will rely on the presence of a timedelta64 'dtype' attribute, which is now xarray's default way of encoding timedelta64 values.
To continue decoding into a timedelta64 dtype, either set `decode_timedelta=True` when opening this dataset, or add the attribute `dtype='timedelta64[ns]'` to this variable on disk.
To opt-in to future behavior, set `decode_timedelta=False`.
  vars, attrs, coord_names = xr.conventions.decode_cf_variables(
/Applications/MAMP/htdocs/normal-surf/.venv/lib/python3.13/site-packages/cfgrib/xarray_plugin.py:131: FutureWarning: In a future version, xarray will not decode the variable 'step' into a timedelta64 dtype based on the presence of a timedelta-like 'units' attribute by default. Instead it will rely on the presence of a timedelta64 'dtype' attribute, which is now xarray's default way of encoding timedelta64 values.
To continue decoding into a timedelta64 dtype, either set `decode_timedelta=True` when opening this dataset, or add the attribute `dtype='timedelta64[ns]'` to this variable on disk.
To opt-in to future behavior, set `decode_timedelta=False`.
  vars, attrs, coord_names = xr.conventions.decode_cf_variables(
/Applications/MAMP/htdocs/normal-surf/.venv/lib/python3.13/site-packages/cfgrib/xarray_plugin.py:131: FutureWarning: In a future version, xarray will not decode the variable 'step' into a timedelta64 dtype based on the presence of a timedelta-like 'units' attribute by default. Instead it will rely on the presence of a timedelta64 'dtype' attribute, which is now xarray's default way of encoding timedelta64 values.
To continue decoding into a timedelta64 dtype, either set `decode_timedelta=True` when opening this dataset, or add the attribute `dtype='timedelta64[ns]'` to this variable on disk.
To opt-in to future behavior, set `decode_timedelta=False`.
  vars, attrs, coord_names = xr.conventions.decode_cf_variables(
/Applications/MAMP/htdocs/normal-surf/.venv/lib/python3.13/site-packages/cfgrib/xarray_plugin.py:131: FutureWarning: In a future version, xarray will not decode the variable 'step' into a timedelta64 dtype based on the presence of a timedelta-like 'units' attribute by default. Instead it will rely on the presence of a timedelta64 'dtype' attribute, which is now xarray's default way of encoding timedelta64 values.
To continue decoding into a timedelta64 dtype, either set `decode_timedelta=True` when opening this dataset, or add the attribute `dtype='timedelta64[ns]'` to this variable on disk.
To opt-in to future behavior, set `decode_timedelta=False`.
  vars, attrs, coord_names = xr.conventions.decode_cf_variables(
[2025-09-05T22:15:00Z] runner tick
/Applications/MAMP/htdocs/normal-surf/.venv/lib/python3.13/site-packages/cfgrib/xarray_plugin.py:131: FutureWarning: In a future version, xarray will not decode the variable 'step' into a timedelta64 dtype based on the presence of a timedelta-like 'units' attribute by default. Instead it will rely on the presence of a timedelta64 'dtype' attribute, which is now xarray's default way of encoding timedelta64 values.
To continue decoding into a timedelta64 dtype, either set `decode_timedelta=True` when opening this dataset, or add the attribute `dtype='timedelta64[ns]'` to this variable on disk.
To opt-in to future behavior, set `decode_timedelta=False`.
  vars, attrs, coord_names = xr.conventions.decode_cf_variables(
/Applications/MAMP/htdocs/normal-surf/.venv/lib/python3.13/site-packages/cfgrib/xarray_plugin.py:131: FutureWarning: In a future version, xarray will not decode the variable 'step' into a timedelta64 dtype based on the presence of a timedelta-like 'units' attribute by default. Instead it will rely on the presence of a timedelta64 'dtype' attribute, which is now xarray's default way of encoding timedelta64 values.
To continue decoding into a timedelta64 dtype, either set `decode_timedelta=True` when opening this dataset, or add the attribute `dtype='timedelta64[ns]'` to this variable on disk.
To opt-in to future behavior, set `decode_timedelta=False`.
  vars, attrs, coord_names = xr.conventions.decode_cf_variables(
/Applications/MAMP/htdocs/normal-surf/.venv/lib/python3.13/site-packages/cfgrib/xarray_plugin.py:131: FutureWarning: In a future version, xarray will not decode the variable 'step' into a timedelta64 dtype based on the presence of a timedelta-like 'units' attribute by default. Instead it will rely on the presence of a timedelta64 'dtype' attribute, which is now xarray's default way of encoding timedelta64 values.
To continue decoding into a timedelta64 dtype, either set `decode_timedelta=True` when opening this dataset, or add the attribute `dtype='timedelta64[ns]'` to this variable on disk.
To opt-in to future behavior, set `decode_timedelta=False`.
  vars, attrs, coord_names = xr.conventions.decode_cf_variables(
/Applications/MAMP/htdocs/normal-surf/.venv/lib/python3.13/site-packages/cfgrib/xarray_plugin.py:131: FutureWarning: In a future version, xarray will not decode the variable 'step' into a timedelta64 dtype based on the presence of a timedelta-like 'units' attribute by default. Instead it will rely on the presence of a timedelta64 'dtype' attribute, which is now xarray's default way of encoding timedelta64 values.
To continue decoding into a timedelta64 dtype, either set `decode_timedelta=True` when opening this dataset, or add the attribute `dtype='timedelta64[ns]'` to this variable on disk.
To opt-in to future behavior, set `decode_timedelta=False`.
  vars, attrs, coord_names = xr.conventions.decode_cf_variables(
Wrote JSON: data/wave-forecast/wave_point_41117.json (25 rows)
[2025-09-05T22:20:12Z] runner tick
python-dotenv could not parse statement starting at line 18
Discovering latest GFS-Wave run (lookback=72h)…
probe 2025-09-05 18Z → https://nomads.ncep.noaa.gov/pub/data/nccf/com/gfs/prod/gfs.20250905/18/wave/gridded/gfswave.t18z.global.0p25.f000.grib2.idx
Found run 2025-09-05 18Z @ https://nomads.ncep.noaa.gov/pub/data/nccf/com/gfs/prod/gfs.20250905/18/wave/gridded
Resolved run 2025-09-05 18Z @ https://nomads.ncep.noaa.gov/pub/data/nccf/com/gfs/prod/gfs.20250905/18/wave/gridded
Downloaded 25/25 GRIB files → data/grib/gfswave/20250905/18
Processing station 41112 at lat=30.709, lon=-81.292…
Wrote JSON: data/wave-forecast/wave_point_41112.json (25 rows)
Processing station 41117 at lat=29.999, lon=-81.079…
Wrote JSON: data/wave-forecast/wave_point_41117.json (25 rows)
[2025-09-05T22:30:00Z] runner tick
python-dotenv could not parse statement starting at line 18
Discovering latest GFS-Wave run (lookback=72h)…
probe 2025-09-05 18Z → https://nomads.ncep.noaa.gov/pub/data/nccf/com/gfs/prod/gfs.20250905/18/wave/gridded/gfswave.t18z.global.0p25.f000.grib2.idx
Found run 2025-09-05 18Z @ https://nomads.ncep.noaa.gov/pub/data/nccf/com/gfs/prod/gfs.20250905/18/wave/gridded
Resolved run 2025-09-05 18Z @ https://nomads.ncep.noaa.gov/pub/data/nccf/com/gfs/prod/gfs.20250905/18/wave/gridded
Downloaded 25/25 GRIB files → data/grib/gfswave/20250905/18
Processing station 41112 at lat=30.709, lon=-81.292…
Wrote JSON: data/wave-forecast/wave_point_41112.json (25 rows)
Processing station 41117 at lat=29.999, lon=-81.079…
Wrote JSON: data/wave-forecast/wave_point_41117.json (25 rows)
