[2025-09-08T15:15:01Z] runner tick
python-dotenv could not parse statement starting at line 18
Discovering latest GFS-Wave run (lookback=72h)…
probe 2025-09-08 18Z → https://nomads.ncep.noaa.gov/pub/data/nccf/com/gfs/prod/gfs.20250908/18/wave/gridded/gfswave.t18z.global.0p25.f000.grib2.idx
probe 2025-09-08 18Z → https://nomads.ncep.noaa.gov/pub/data/nccf/com/gfs/prod/gfs.20250908/18/wave/gfswave.t18z.global.0p25.f000.grib2.idx
probe 2025-09-08 18Z → https://nomads.ncep.noaa.gov/pub/data/nccf/com/gfs/prod/gfs.20250908/18/wave/gridded/gfswave.t18z.global.0p25.f003.grib2.idx
probe 2025-09-08 18Z → https://nomads.ncep.noaa.gov/pub/data/nccf/com/gfs/prod/gfs.20250908/18/wave/gfswave.t18z.global.0p25.f003.grib2.idx
probe 2025-09-08 12Z → https://nomads.ncep.noaa.gov/pub/data/nccf/com/gfs/prod/gfs.20250908/12/wave/gridded/gfswave.t12z.global.0p25.f000.grib2.idx
probe 2025-09-08 12Z → https://nomads.ncep.noaa.gov/pub/data/nccf/com/gfs/prod/gfs.20250908/12/wave/gfswave.t12z.global.0p25.f000.grib2.idx
probe 2025-09-08 12Z → https://nomads.ncep.noaa.gov/pub/data/nccf/com/gfs/prod/gfs.20250908/12/wave/gridded/gfswave.t12z.global.0p25.f003.grib2.idx
probe 2025-09-08 12Z → https://nomads.ncep.noaa.gov/pub/data/nccf/com/gfs/prod/gfs.20250908/12/wave/gfswave.t12z.global.0p25.f003.grib2.idx
probe 2025-09-08 06Z → https://nomads.ncep.noaa.gov/pub/data/nccf/com/gfs/prod/gfs.20250908/06/wave/gridded/gfswave.t06z.global.0p25.f000.grib2.idx
Found run 2025-09-08 06Z @ https://nomads.ncep.noaa.gov/pub/data/nccf/com/gfs/prod/gfs.20250908/06/wave/gridded
Resolved run 2025-09-08 06Z @ https://nomads.ncep.noaa.gov/pub/data/nccf/com/gfs/prod/gfs.20250908/06/wave/gridded
Downloaded 25/25 GRIB files → data/grib/gfswave/20250908/06
Processing station 41112 at lat=30.709, lon=-81.292…
Wrote JSON: data/wave-forecast/wave_point_41112.json (25 rows)
Processing station 41117 at lat=29.999, lon=-81.079…
Wrote JSON: data/wave-forecast/wave_point_41117.json (25 rows)
[2025-09-08T15:30:02Z] runner tick
python-dotenv could not parse statement starting at line 18
Discovering latest GFS-Wave run (lookback=72h)…
probe 2025-09-08 18Z → https://nomads.ncep.noaa.gov/pub/data/nccf/com/gfs/prod/gfs.20250908/18/wave/gridded/gfswave.t18z.global.0p25.f000.grib2.idx
probe 2025-09-08 18Z → https://nomads.ncep.noaa.gov/pub/data/nccf/com/gfs/prod/gfs.20250908/18/wave/gfswave.t18z.global.0p25.f000.grib2.idx
probe 2025-09-08 18Z → https://nomads.ncep.noaa.gov/pub/data/nccf/com/gfs/prod/gfs.20250908/18/wave/gridded/gfswave.t18z.global.0p25.f003.grib2.idx
probe 2025-09-08 18Z → https://nomads.ncep.noaa.gov/pub/data/nccf/com/gfs/prod/gfs.20250908/18/wave/gfswave.t18z.global.0p25.f003.grib2.idx
probe 2025-09-08 12Z → https://nomads.ncep.noaa.gov/pub/data/nccf/com/gfs/prod/gfs.20250908/12/wave/gridded/gfswave.t12z.global.0p25.f000.grib2.idx
probe 2025-09-08 12Z → https://nomads.ncep.noaa.gov/pub/data/nccf/com/gfs/prod/gfs.20250908/12/wave/gfswave.t12z.global.0p25.f000.grib2.idx
probe 2025-09-08 12Z → https://nomads.ncep.noaa.gov/pub/data/nccf/com/gfs/prod/gfs.20250908/12/wave/gridded/gfswave.t12z.global.0p25.f003.grib2.idx
probe 2025-09-08 12Z → https://nomads.ncep.noaa.gov/pub/data/nccf/com/gfs/prod/gfs.20250908/12/wave/gfswave.t12z.global.0p25.f003.grib2.idx
probe 2025-09-08 06Z → https://nomads.ncep.noaa.gov/pub/data/nccf/com/gfs/prod/gfs.20250908/06/wave/gridded/gfswave.t06z.global.0p25.f000.grib2.idx
Found run 2025-09-08 06Z @ https://nomads.ncep.noaa.gov/pub/data/nccf/com/gfs/prod/gfs.20250908/06/wave/gridded
Resolved run 2025-09-08 06Z @ https://nomads.ncep.noaa.gov/pub/data/nccf/com/gfs/prod/gfs.20250908/06/wave/gridded
Downloaded 25/25 GRIB files → data/grib/gfswave/20250908/06
Processing station 41112 at lat=30.709, lon=-81.292…
Wrote JSON: data/wave-forecast/wave_point_41112.json (25 rows)
Processing station 41117 at lat=29.999, lon=-81.079…
Wrote JSON: data/wave-forecast/wave_point_41117.json (25 rows)
[2025-09-08T15:45:02Z] runner tick
python-dotenv could not parse statement starting at line 18
Discovering latest GFS-Wave run (lookback=72h)…
probe 2025-09-08 18Z → https://nomads.ncep.noaa.gov/pub/data/nccf/com/gfs/prod/gfs.20250908/18/wave/gridded/gfswave.t18z.global.0p25.f000.grib2.idx
probe 2025-09-08 18Z → https://nomads.ncep.noaa.gov/pub/data/nccf/com/gfs/prod/gfs.20250908/18/wave/gfswave.t18z.global.0p25.f000.grib2.idx
probe 2025-09-08 18Z → https://nomads.ncep.noaa.gov/pub/data/nccf/com/gfs/prod/gfs.20250908/18/wave/gridded/gfswave.t18z.global.0p25.f003.grib2.idx
probe 2025-09-08 18Z → https://nomads.ncep.noaa.gov/pub/data/nccf/com/gfs/prod/gfs.20250908/18/wave/gfswave.t18z.global.0p25.f003.grib2.idx
probe 2025-09-08 12Z → https://nomads.ncep.noaa.gov/pub/data/nccf/com/gfs/prod/gfs.20250908/12/wave/gridded/gfswave.t12z.global.0p25.f000.grib2.idx
Found run 2025-09-08 12Z @ https://nomads.ncep.noaa.gov/pub/data/nccf/com/gfs/prod/gfs.20250908/12/wave/gridded
Resolved run 2025-09-08 12Z @ https://nomads.ncep.noaa.gov/pub/data/nccf/com/gfs/prod/gfs.20250908/12/wave/gridded
download fail (1/3) https://nomads.ncep.noaa.gov/pub/data/nccf/com/gfs/prod/gfs.20250908/12/wave/gridded/gfswave.t12z.global.0p25.f063.grib2: HTTP 404
download fail (2/3) https://nomads.ncep.noaa.gov/pub/data/nccf/com/gfs/prod/gfs.20250908/12/wave/gridded/gfswave.t12z.global.0p25.f063.grib2: HTTP 404
download fail (3/3) https://nomads.ncep.noaa.gov/pub/data/nccf/com/gfs/prod/gfs.20250908/12/wave/gridded/gfswave.t12z.global.0p25.f063.grib2: HTTP 404
download fail (1/3) https://nomads.ncep.noaa.gov/pub/data/nccf/com/gfs/prod/gfs.20250908/12/wave/gridded/gfswave.t12z.global.0p25.f066.grib2: HTTP 404
download fail (2/3) https://nomads.ncep.noaa.gov/pub/data/nccf/com/gfs/prod/gfs.20250908/12/wave/gridded/gfswave.t12z.global.0p25.f066.grib2: HTTP 404
download fail (3/3) https://nomads.ncep.noaa.gov/pub/data/nccf/com/gfs/prod/gfs.20250908/12/wave/gridded/gfswave.t12z.global.0p25.f066.grib2: HTTP 404
download fail (1/3) https://nomads.ncep.noaa.gov/pub/data/nccf/com/gfs/prod/gfs.20250908/12/wave/gridded/gfswave.t12z.global.0p25.f069.grib2: HTTP 404
download fail (2/3) https://nomads.ncep.noaa.gov/pub/data/nccf/com/gfs/prod/gfs.20250908/12/wave/gridded/gfswave.t12z.global.0p25.f069.grib2: HTTP 404
download fail (3/3) https://nomads.ncep.noaa.gov/pub/data/nccf/com/gfs/prod/gfs.20250908/12/wave/gridded/gfswave.t12z.global.0p25.f069.grib2: HTTP 404
download fail (1/3) https://nomads.ncep.noaa.gov/pub/data/nccf/com/gfs/prod/gfs.20250908/12/wave/gridded/gfswave.t12z.global.0p25.f072.grib2: HTTP 404
download fail (2/3) https://nomads.ncep.noaa.gov/pub/data/nccf/com/gfs/prod/gfs.20250908/12/wave/gridded/gfswave.t12z.global.0p25.f072.grib2: HTTP 404
download fail (3/3) https://nomads.ncep.noaa.gov/pub/data/nccf/com/gfs/prod/gfs.20250908/12/wave/gridded/gfswave.t12z.global.0p25.f072.grib2: HTTP 404
Downloaded 21/25 GRIB files → data/grib/gfswave/20250908/12
Processing station 41112 at lat=30.709, lon=-81.292…
